<?xml version="1.0" encoding="UTF-8"?>
<!-- Generated by org.testng.reporters.JUnitReportReporter -->
<testsuite skipped="0" hostname="Lenovo-PC" name="TestCases.WarriorLogin" tests="1" failures="0" timestamp="20 Feb 2022 13:16:28 GMT" time="21.026" errors="0">
  <testcase name="warrionLogin" time="21.026" classname="TestCases.WarriorLogin"/>
</testsuite> <!-- TestCases.WarriorLogin -->
