<?xml version="1.0" encoding="UTF-8"?>
<!-- Generated by org.testng.reporters.JUnitReportReporter -->
<testsuite skipped="0" hostname="Lenovo-PC" name="TestCases.Login" tests="1" failures="0" timestamp="19 Feb 2022 06:45:06 GMT" time="3.275" errors="0">
  <testcase name="login" time="3.275" classname="TestCases.Login"/>
</testsuite> <!-- TestCases.Login -->
